<?xml version="1.0" encoding="UTF-8"?>
<!-- Generated by org.testng.reporters.JUnitReportReporter -->
<testsuite skipped="0" hostname="IN6080-01" name="sweetymaven.sonali.SeleniumTest" tests="2" failures="0" timestamp="22 Jul 2020 16:02:40 GMT" time="0.000" errors="0">
  <testcase name="facebookweb" time="0.000" classname="sweetymaven.sonali.SeleniumTest"/>
  <testcase name="yahooweb" time="0.000" classname="sweetymaven.sonali.SeleniumTest"/>
</testsuite> <!-- sweetymaven.sonali.SeleniumTest -->
