<?xml version="1.0" encoding="UTF-8"?>
<!-- Generated by org.testng.reporters.JUnitReportReporter -->
<testsuite skipped="0" hostname="IN6080-01" name="sweetymaven.sonali.RESTAPITest" tests="2" failures="0" timestamp="22 Jul 2020 16:02:02 GMT" time="0.000" errors="0">
  <testcase name="restApi" time="0.000" classname="sweetymaven.sonali.RESTAPITest"/>
  <testcase name="restApicreateuser" time="0.000" classname="sweetymaven.sonali.RESTAPITest"/>
</testsuite> <!-- sweetymaven.sonali.RESTAPITest -->
