<?xml version="1.0" encoding="UTF-8"?>
<!-- Generated by org.testng.reporters.JUnitReportReporter -->
<testsuite skipped="0" hostname="IN6080-01" name="sweetymaven.sonali.AppiumTest" tests="2" failures="0" timestamp="22 Jul 2020 16:03:06 GMT" time="0.015" errors="0">
  <testcase name="nativeIosApp" time="0.000" classname="sweetymaven.sonali.AppiumTest"/>
  <testcase name="nativeAndroid" time="0.015" classname="sweetymaven.sonali.AppiumTest"/>
</testsuite> <!-- sweetymaven.sonali.AppiumTest -->
